# JRE version: OpenJDK Runtime Environment Temurin-17.0.10+7 (17.0.10+7) (build 17.0.10+7)
# Java VM: OpenJDK 64-Bit Server VM Temurin-17.0.10+7 (17.0.10+7, mixed mode, tiered, compressed oops, compressed class ptrs, parallel gc, windows-amd64)
GC Precious Log:
 CPUs: 8 total, 8 available
 Memory: 16167M
 Large Page Support: Disabled
 NUMA Support: Disabled
 Compressed Oops: Enabled (32-bit)
 Alignments: Space 512K, Generation 512K, Heap 2M
 Heap Min Capacity: 100M
 Heap Initial Capacity: 100M
 Heap Max Capacity: 1G
 Pre-touch: Disabled
 Parallel Workers: 8
Heap:
 PSYoungGen      total 28160K, used 24061K [0x00000000eab00000, 0x00000000ed500000, 0x0000000100000000)
  eden space 27648K, 86% used [0x00000000eab00000,0x00000000ec24f7a0,0x00000000ec600000)
  from space 512K, 37% used [0x00000000ed480000,0x00000000ed4b0000,0x00000000ed500000)
  to   space 512K, 0% used [0x00000000ed400000,0x00000000ed400000,0x00000000ed480000)
 ParOldGen       total 224768K, used 175022K [0x00000000c0000000, 0x00000000cdb80000, 0x00000000eab00000)
  object space 224768K, 77% used [0x00000000c0000000,0x00000000caaeba18,0x00000000cdb80000)
 Metaspace       used 64351K, committed 65472K, reserved 1114112K
  class space    used 7431K, committed 7936K, reserved 1048576K
GC Heap History (20 events):
Event: 35.307 GC heap before
{Heap before GC invocations=104 (full 11):
 PSYoungGen      total 35840K, used 32768K [0x00000000eab00000, 0x00000000ed900000, 0x0000000100000000)
  eden space 32768K, 100% used [0x00000000eab00000,0x00000000ecb00000,0x00000000ecb00000)
  from space 3072K, 0% used [0x00000000ed600000,0x00000000ed600000,0x00000000ed900000)
  to   space 7168K, 0% used [0x00000000ecb00000,0x00000000ecb00000,0x00000000ed200000)
 ParOldGen       total 224768K, used 174974K [0x00000000c0000000, 0x00000000cdb80000, 0x00000000eab00000)
  object space 224768K, 77% used [0x00000000c0000000,0x00000000caadfa18,0x00000000cdb80000)
 Metaspace       used 63739K, committed 64832K, reserved 1114112K
  class space    used 7351K, committed 7808K, reserved 1048576K
}
Event: 35.310 GC heap after
{Heap after GC invocations=104 (full 11):
 PSYoungGen      total 39424K, used 160K [0x00000000eab00000, 0x00000000ed680000, 0x0000000100000000)
  eden space 32256K, 0% used [0x00000000eab00000,0x00000000eab00000,0x00000000eca80000)
  from space 7168K, 2% used [0x00000000ecb00000,0x00000000ecb28000,0x00000000ed200000)
  to   space 2048K, 0% used [0x00000000ed480000,0x00000000ed480000,0x00000000ed680000)
 ParOldGen       total 224768K, used 174974K [0x00000000c0000000, 0x00000000cdb80000, 0x00000000eab00000)
  object space 224768K, 77% used [0x00000000c0000000,0x00000000caadfa18,0x00000000cdb80000)
 Metaspace       used 63739K, committed 64832K, reserved 1114112K
  class space    used 7351K, committed 7808K, reserved 1048576K
}
Event: 36.013 GC heap before
{Heap before GC invocations=105 (full 11):
 PSYoungGen      total 39424K, used 32416K [0x00000000eab00000, 0x00000000ed680000, 0x0000000100000000)
  eden space 32256K, 100% used [0x00000000eab00000,0x00000000eca80000,0x00000000eca80000)
  from space 7168K, 2% used [0x00000000ecb00000,0x00000000ecb28000,0x00000000ed200000)
  to   space 2048K, 0% used [0x00000000ed480000,0x00000000ed480000,0x00000000ed680000)
 ParOldGen       total 224768K, used 174974K [0x00000000c0000000, 0x00000000cdb80000, 0x00000000eab00000)
  object space 224768K, 77% used [0x00000000c0000000,0x00000000caadfa18,0x00000000cdb80000)
 Metaspace       used 63739K, committed 64832K, reserved 1114112K
  class space    used 7351K, committed 7808K, reserved 1048576K
}
Event: 36.015 GC heap after
{Heap after GC invocations=105 (full 11):
 PSYoungGen      total 32256K, used 192K [0x00000000eab00000, 0x00000000ed500000, 0x0000000100000000)
  eden space 31744K, 0% used [0x00000000eab00000,0x00000000eab00000,0x00000000eca00000)
  from space 512K, 37% used [0x00000000ed480000,0x00000000ed4b0000,0x00000000ed500000)
  to   space 512K, 0% used [0x00000000ed400000,0x00000000ed400000,0x00000000ed480000)
 ParOldGen       total 224768K, used 175014K [0x00000000c0000000, 0x00000000cdb80000, 0x00000000eab00000)
  object space 224768K, 77% used [0x00000000c0000000,0x00000000caae9a18,0x00000000cdb80000)
 Metaspace       used 63739K, committed 64832K, reserved 1114112K
  class space    used 7351K, committed 7808K, reserved 1048576K
}
Event: 36.887 GC heap before
{Heap before GC invocations=106 (full 11):
 PSYoungGen      total 32256K, used 31936K [0x00000000eab00000, 0x00000000ed500000, 0x0000000100000000)
  eden space 31744K, 100% used [0x00000000eab00000,0x00000000eca00000,0x00000000eca00000)
  from space 512K, 37% used [0x00000000ed480000,0x00000000ed4b0000,0x00000000ed500000)
  to   space 512K, 0% used [0x00000000ed400000,0x00000000ed400000,0x00000000ed480000)
 ParOldGen       total 224768K, used 175014K [0x00000000c0000000, 0x00000000cdb80000, 0x00000000eab00000)
  object space 224768K, 77% used [0x00000000c0000000,0x00000000caae9a18,0x00000000cdb80000)
 Metaspace       used 63739K, committed 64832K, reserved 1114112K
  class space    used 7351K, committed 7808K, reserved 1048576K
}
Event: 36.887 GC heap after
{Heap after GC invocations=106 (full 11):
 PSYoungGen      total 31744K, used 160K [0x00000000eab00000, 0x00000000ed500000, 0x0000000100000000)
  eden space 31232K, 0% used [0x00000000eab00000,0x00000000eab00000,0x00000000ec980000)
  from space 512K, 31% used [0x00000000ed400000,0x00000000ed428000,0x00000000ed480000)
  to   space 512K, 0% used [0x00000000ed480000,0x00000000ed480000,0x00000000ed500000)
 ParOldGen       total 224768K, used 175014K [0x00000000c0000000, 0x00000000cdb80000, 0x00000000eab00000)
  object space 224768K, 77% used [0x00000000c0000000,0x00000000caae9a18,0x00000000cdb80000)
 Metaspace       used 63739K, committed 64832K, reserved 1114112K
  class space    used 7351K, committed 7808K, reserved 1048576K
}
Event: 37.770 GC heap before
{Heap before GC invocations=107 (full 11):
 PSYoungGen      total 31744K, used 31392K [0x00000000eab00000, 0x00000000ed500000, 0x0000000100000000)
  eden space 31232K, 100% used [0x00000000eab00000,0x00000000ec980000,0x00000000ec980000)
  from space 512K, 31% used [0x00000000ed400000,0x00000000ed428000,0x00000000ed480000)
  to   space 512K, 0% used [0x00000000ed480000,0x00000000ed480000,0x00000000ed500000)
 ParOldGen       total 224768K, used 175014K [0x00000000c0000000, 0x00000000cdb80000, 0x00000000eab00000)
  object space 224768K, 77% used [0x00000000c0000000,0x00000000caae9a18,0x00000000cdb80000)
 Metaspace       used 63756K, committed 64832K, reserved 1114112K
  class space    used 7353K, committed 7808K, reserved 1048576K
}
Event: 37.771 GC heap after
{Heap after GC invocations=107 (full 11):
 PSYoungGen      total 31232K, used 256K [0x00000000eab00000, 0x00000000ed500000, 0x0000000100000000)
  eden space 30720K, 0% used [0x00000000eab00000,0x00000000eab00000,0x00000000ec900000)
  from space 512K, 50% used [0x00000000ed480000,0x00000000ed4c0000,0x00000000ed500000)
  to   space 512K, 0% used [0x00000000ed400000,0x00000000ed400000,0x00000000ed480000)
 ParOldGen       total 224768K, used 175022K [0x00000000c0000000, 0x00000000cdb80000, 0x00000000eab00000)
  object space 224768K, 77% used [0x00000000c0000000,0x00000000caaeba18,0x00000000cdb80000)
 Metaspace       used 63756K, committed 64832K, reserved 1114112K
  class space    used 7353K, committed 7808K, reserved 1048576K
}
Event: 39.560 GC heap before
{Heap before GC invocations=108 (full 11):
 PSYoungGen      total 31232K, used 30976K [0x00000000eab00000, 0x00000000ed500000, 0x0000000100000000)
  eden space 30720K, 100% used [0x00000000eab00000,0x00000000ec900000,0x00000000ec900000)
  from space 512K, 50% used [0x00000000ed480000,0x00000000ed4c0000,0x00000000ed500000)
  to   space 512K, 0% used [0x00000000ed400000,0x00000000ed400000,0x00000000ed480000)
 ParOldGen       total 224768K, used 175022K [0x00000000c0000000, 0x00000000cdb80000, 0x00000000eab00000)
  object space 224768K, 77% used [0x00000000c0000000,0x00000000caaeba18,0x00000000cdb80000)
 Metaspace       used 63766K, committed 64832K, reserved 1114112K
  class space    used 7354K, committed 7808K, reserved 1048576K
}
Event: 39.562 GC heap after
{Heap after GC invocations=108 (full 11):
 PSYoungGen      total 30720K, used 224K [0x00000000eab00000, 0x00000000ed500000, 0x0000000100000000)
  eden space 30208K, 0% used [0x00000000eab00000,0x00000000eab00000,0x00000000ec880000)
  from space 512K, 43% used [0x00000000ed400000,0x00000000ed438000,0x00000000ed480000)
  to   space 512K, 0% used [0x00000000ed480000,0x00000000ed480000,0x00000000ed500000)
 ParOldGen       total 224768K, used 175022K [0x00000000c0000000, 0x00000000cdb80000, 0x00000000eab00000)
  object space 224768K, 77% used [0x00000000c0000000,0x00000000caaeba18,0x00000000cdb80000)
 Metaspace       used 63766K, committed 64832K, reserved 1114112K
  class space    used 7354K, committed 7808K, reserved 1048576K
}
Event: 40.565 GC heap before
{Heap before GC invocations=109 (full 11):
 PSYoungGen      total 30720K, used 30432K [0x00000000eab00000, 0x00000000ed500000, 0x0000000100000000)
  eden space 30208K, 100% used [0x00000000eab00000,0x00000000ec880000,0x00000000ec880000)
  from space 512K, 43% used [0x00000000ed400000,0x00000000ed438000,0x00000000ed480000)
  to   space 512K, 0% used [0x00000000ed480000,0x00000000ed480000,0x00000000ed500000)
 ParOldGen       total 224768K, used 175022K [0x00000000c0000000, 0x00000000cdb80000, 0x00000000eab00000)
  object space 224768K, 77% used [0x00000000c0000000,0x00000000caaeba18,0x00000000cdb80000)
 Metaspace       used 63766K, committed 64832K, reserved 1114112K
  class space    used 7354K, committed 7808K, reserved 1048576K
}
Event: 40.566 GC heap after
{Heap after GC invocations=109 (full 11):
 PSYoungGen      total 30208K, used 192K [0x00000000eab00000, 0x00000000ed500000, 0x0000000100000000)
  eden space 29696K, 0% used [0x00000000eab00000,0x00000000eab00000,0x00000000ec800000)
  from space 512K, 37% used [0x00000000ed480000,0x00000000ed4b0000,0x00000000ed500000)
  to   space 512K, 0% used [0x00000000ed400000,0x00000000ed400000,0x00000000ed480000)
 ParOldGen       total 224768K, used 175022K [0x00000000c0000000, 0x00000000cdb80000, 0x00000000eab00000)
  object space 224768K, 77% used [0x00000000c0000000,0x00000000caaeba18,0x00000000cdb80000)
 Metaspace       used 63766K, committed 64832K, reserved 1114112K
  class space    used 7354K, committed 7808K, reserved 1048576K
}
Event: 41.452 GC heap before
{Heap before GC invocations=110 (full 11):
 PSYoungGen      total 30208K, used 29888K [0x00000000eab00000, 0x00000000ed500000, 0x0000000100000000)
  eden space 29696K, 100% used [0x00000000eab00000,0x00000000ec800000,0x00000000ec800000)
  from space 512K, 37% used [0x00000000ed480000,0x00000000ed4b0000,0x00000000ed500000)
  to   space 512K, 0% used [0x00000000ed400000,0x00000000ed400000,0x00000000ed480000)
 ParOldGen       total 224768K, used 175022K [0x00000000c0000000, 0x00000000cdb80000, 0x00000000eab00000)
  object space 224768K, 77% used [0x00000000c0000000,0x00000000caaeba18,0x00000000cdb80000)
 Metaspace       used 63766K, committed 64832K, reserved 1114112K
  class space    used 7354K, committed 7808K, reserved 1048576K
}
Event: 41.453 GC heap after
{Heap after GC invocations=110 (full 11):
 PSYoungGen      total 29696K, used 192K [0x00000000eab00000, 0x00000000ed500000, 0x0000000100000000)
  eden space 29184K, 0% used [0x00000000eab00000,0x00000000eab00000,0x00000000ec780000)
  from space 512K, 37% used [0x00000000ed400000,0x00000000ed430000,0x00000000ed480000)
  to   space 512K, 0% used [0x00000000ed480000,0x00000000ed480000,0x00000000ed500000)
 ParOldGen       total 224768K, used 175022K [0x00000000c0000000, 0x00000000cdb80000, 0x00000000eab00000)
  object space 224768K, 77% used [0x00000000c0000000,0x00000000caaeba18,0x00000000cdb80000)
 Metaspace       used 63766K, committed 64832K, reserved 1114112K
  class space    used 7354K, committed 7808K, reserved 1048576K
}
Event: 42.188 GC heap before
{Heap before GC invocations=111 (full 11):
 PSYoungGen      total 29696K, used 29376K [0x00000000eab00000, 0x00000000ed500000, 0x0000000100000000)
  eden space 29184K, 100% used [0x00000000eab00000,0x00000000ec780000,0x00000000ec780000)
  from space 512K, 37% used [0x00000000ed400000,0x00000000ed430000,0x00000000ed480000)
  to   space 512K, 0% used [0x00000000ed480000,0x00000000ed480000,0x00000000ed500000)
 ParOldGen       total 224768K, used 175022K [0x00000000c0000000, 0x00000000cdb80000, 0x00000000eab00000)
  object space 224768K, 77% used [0x00000000c0000000,0x00000000caaeba18,0x00000000cdb80000)
 Metaspace       used 63768K, committed 64832K, reserved 1114112K
  class space    used 7354K, committed 7808K, reserved 1048576K
}
Event: 42.188 GC heap after
{Heap after GC invocations=111 (full 11):
 PSYoungGen      total 29184K, used 224K [0x00000000eab00000, 0x00000000ed500000, 0x0000000100000000)
  eden space 28672K, 0% used [0x00000000eab00000,0x00000000eab00000,0x00000000ec700000)
  from space 512K, 43% used [0x00000000ed480000,0x00000000ed4b8000,0x00000000ed500000)
  to   space 512K, 0% used [0x00000000ed400000,0x00000000ed400000,0x00000000ed480000)
 ParOldGen       total 224768K, used 175022K [0x00000000c0000000, 0x00000000cdb80000, 0x00000000eab00000)
  object space 224768K, 77% used [0x00000000c0000000,0x00000000caaeba18,0x00000000cdb80000)
 Metaspace       used 63768K, committed 64832K, reserved 1114112K
  class space    used 7354K, committed 7808K, reserved 1048576K
}
Event: 43.118 GC heap before
{Heap before GC invocations=112 (full 11):
 PSYoungGen      total 29184K, used 28896K [0x00000000eab00000, 0x00000000ed500000, 0x0000000100000000)
  eden space 28672K, 100% used [0x00000000eab00000,0x00000000ec700000,0x00000000ec700000)
  from space 512K, 43% used [0x00000000ed480000,0x00000000ed4b8000,0x00000000ed500000)
  to   space 512K, 0% used [0x00000000ed400000,0x00000000ed400000,0x00000000ed480000)
 ParOldGen       total 224768K, used 175022K [0x00000000c0000000, 0x00000000cdb80000, 0x00000000eab00000)
  object space 224768K, 77% used [0x00000000c0000000,0x00000000caaeba18,0x00000000cdb80000)
 Metaspace       used 63779K, committed 64832K, reserved 1114112K
  class space    used 7355K, committed 7808K, reserved 1048576K
}
Event: 43.119 GC heap after
{Heap after GC invocations=112 (full 11):
 PSYoungGen      total 28672K, used 192K [0x00000000eab00000, 0x00000000ed500000, 0x0000000100000000)
  eden space 28160K, 0% used [0x00000000eab00000,0x00000000eab00000,0x00000000ec680000)
  from space 512K, 37% used [0x00000000ed400000,0x00000000ed430000,0x00000000ed480000)
  to   space 512K, 0% used [0x00000000ed480000,0x00000000ed480000,0x00000000ed500000)
 ParOldGen       total 224768K, used 175022K [0x00000000c0000000, 0x00000000cdb80000, 0x00000000eab00000)
  object space 224768K, 77% used [0x00000000c0000000,0x00000000caaeba18,0x00000000cdb80000)
 Metaspace       used 63779K, committed 64832K, reserved 1114112K
  class space    used 7355K, committed 7808K, reserved 1048576K
}
Event: 43.568 GC heap before
{Heap before GC invocations=113 (full 11):
 PSYoungGen      total 28672K, used 28352K [0x00000000eab00000, 0x00000000ed500000, 0x0000000100000000)
  eden space 28160K, 100% used [0x00000000eab00000,0x00000000ec680000,0x00000000ec680000)
  from space 512K, 37% used [0x00000000ed400000,0x00000000ed430000,0x00000000ed480000)
  to   space 512K, 0% used [0x00000000ed480000,0x00000000ed480000,0x00000000ed500000)
 ParOldGen       total 224768K, used 175022K [0x00000000c0000000, 0x00000000cdb80000, 0x00000000eab00000)
  object space 224768K, 77% used [0x00000000c0000000,0x00000000caaeba18,0x00000000cdb80000)
 Metaspace       used 63836K, committed 64896K, reserved 1114112K
  class space    used 7363K, committed 7808K, reserved 1048576K
}
Event: 43.569 GC heap after
{Heap after GC invocations=113 (full 11):
 PSYoungGen      total 28160K, used 192K [0x00000000eab00000, 0x00000000ed500000, 0x0000000100000000)
  eden space 27648K, 0% used [0x00000000eab00000,0x00000000eab00000,0x00000000ec600000)
  from space 512K, 37% used [0x00000000ed480000,0x00000000ed4b0000,0x00000000ed500000)
  to   space 512K, 0% used [0x00000000ed400000,0x00000000ed400000,0x00000000ed480000)
 ParOldGen       total 224768K, used 175022K [0x00000000c0000000, 0x00000000cdb80000, 0x00000000eab00000)
  object space 224768K, 77% used [0x00000000c0000000,0x00000000caaeba18,0x00000000cdb80000)
 Metaspace       used 63836K, committed 64896K, reserved 1114112K
  class space    used 7363K, committed 7808K, reserved 1048576K
}

