# JRE version: OpenJDK Runtime Environment Temurin-17.0.10+7 (17.0.10+7) (build 17.0.10+7)
# Java VM: OpenJDK 64-Bit Server VM Temurin-17.0.10+7 (17.0.10+7, mixed mode, tiered, compressed oops, compressed class ptrs, parallel gc, windows-amd64)
GC Precious Log:
 CPUs: 8 total, 8 available
 Memory: 16167M
 Large Page Support: Disabled
 NUMA Support: Disabled
 Compressed Oops: Enabled (32-bit)
 Alignments: Space 512K, Generation 512K, Heap 2M
 Heap Min Capacity: 100M
 Heap Initial Capacity: 100M
 Heap Max Capacity: 1G
 Pre-touch: Disabled
 Parallel Workers: 8
Heap:
 PSYoungGen      total 22528K, used 14079K [0x00000000eab00000, 0x00000000ec500000, 0x0000000100000000)
  eden space 20480K, 59% used [0x00000000eab00000,0x00000000eb6dae30,0x00000000ebf00000)
  from space 2048K, 94% used [0x00000000ebf00000,0x00000000ec0e5168,0x00000000ec100000)
  to   space 3072K, 0% used [0x00000000ec200000,0x00000000ec200000,0x00000000ec500000)
 ParOldGen       total 68608K, used 55862K [0x00000000c0000000, 0x00000000c4300000, 0x00000000eab00000)
  object space 68608K, 81% used [0x00000000c0000000,0x00000000c368da28,0x00000000c4300000)
 Metaspace       used 61406K, committed 62464K, reserved 1114112K
  class space    used 7047K, committed 7488K, reserved 1048576K
GC Heap History (20 events):
Event: 8.976 GC heap before
{Heap before GC invocations=29 (full 2):
 PSYoungGen      total 23040K, used 22880K [0x00000000eab00000, 0x00000000ec500000, 0x0000000100000000)
  eden space 21504K, 100% used [0x00000000eab00000,0x00000000ec000000,0x00000000ec000000)
  from space 1536K, 89% used [0x00000000ec380000,0x00000000ec4d8020,0x00000000ec500000)
  to   space 2048K, 0% used [0x00000000ec100000,0x00000000ec100000,0x00000000ec300000)
 ParOldGen       total 68608K, used 44631K [0x00000000c0000000, 0x00000000c4300000, 0x00000000eab00000)
  object space 68608K, 65% used [0x00000000c0000000,0x00000000c2b95f00,0x00000000c4300000)
 Metaspace       used 56302K, committed 57216K, reserved 1114112K
  class space    used 6270K, committed 6656K, reserved 1048576K
}
Event: 8.978 GC heap after
{Heap after GC invocations=29 (full 2):
 PSYoungGen      total 23552K, used 2040K [0x00000000eab00000, 0x00000000ecd00000, 0x0000000100000000)
  eden space 21504K, 0% used [0x00000000eab00000,0x00000000eab00000,0x00000000ec000000)
  from space 2048K, 99% used [0x00000000ec100000,0x00000000ec2fe3a8,0x00000000ec300000)
  to   space 6656K, 0% used [0x00000000ec680000,0x00000000ec680000,0x00000000ecd00000)
 ParOldGen       total 68608K, used 48326K [0x00000000c0000000, 0x00000000c4300000, 0x00000000eab00000)
  object space 68608K, 70% used [0x00000000c0000000,0x00000000c2f31958,0x00000000c4300000)
 Metaspace       used 56302K, committed 57216K, reserved 1114112K
  class space    used 6270K, committed 6656K, reserved 1048576K
}
Event: 9.069 GC heap before
{Heap before GC invocations=30 (full 2):
 PSYoungGen      total 23552K, used 23544K [0x00000000eab00000, 0x00000000ecd00000, 0x0000000100000000)
  eden space 21504K, 100% used [0x00000000eab00000,0x00000000ec000000,0x00000000ec000000)
  from space 2048K, 99% used [0x00000000ec100000,0x00000000ec2fe3a8,0x00000000ec300000)
  to   space 6656K, 0% used [0x00000000ec680000,0x00000000ec680000,0x00000000ecd00000)
 ParOldGen       total 68608K, used 48326K [0x00000000c0000000, 0x00000000c4300000, 0x00000000eab00000)
  object space 68608K, 70% used [0x00000000c0000000,0x00000000c2f31958,0x00000000c4300000)
 Metaspace       used 56435K, committed 57408K, reserved 1114112K
  class space    used 6301K, committed 6656K, reserved 1048576K
}
Event: 9.071 GC heap after
{Heap after GC invocations=30 (full 2):
 PSYoungGen      total 24064K, used 2245K [0x00000000eab00000, 0x00000000ec900000, 0x0000000100000000)
  eden space 21504K, 0% used [0x00000000eab00000,0x00000000eab00000,0x00000000ec000000)
  from space 2560K, 87% used [0x00000000ec680000,0x00000000ec8b1530,0x00000000ec900000)
  to   space 3584K, 0% used [0x00000000ec200000,0x00000000ec200000,0x00000000ec580000)
 ParOldGen       total 68608K, used 50346K [0x00000000c0000000, 0x00000000c4300000, 0x00000000eab00000)
  object space 68608K, 73% used [0x00000000c0000000,0x00000000c312aa78,0x00000000c4300000)
 Metaspace       used 56435K, committed 57408K, reserved 1114112K
  class space    used 6301K, committed 6656K, reserved 1048576K
}
Event: 9.134 GC heap before
{Heap before GC invocations=31 (full 2):
 PSYoungGen      total 24064K, used 23749K [0x00000000eab00000, 0x00000000ec900000, 0x0000000100000000)
  eden space 21504K, 100% used [0x00000000eab00000,0x00000000ec000000,0x00000000ec000000)
  from space 2560K, 87% used [0x00000000ec680000,0x00000000ec8b1530,0x00000000ec900000)
  to   space 3584K, 0% used [0x00000000ec200000,0x00000000ec200000,0x00000000ec580000)
 ParOldGen       total 68608K, used 50346K [0x00000000c0000000, 0x00000000c4300000, 0x00000000eab00000)
  object space 68608K, 73% used [0x00000000c0000000,0x00000000c312aa78,0x00000000c4300000)
 Metaspace       used 56842K, committed 57792K, reserved 1114112K
  class space    used 6366K, committed 6720K, reserved 1048576K
}
Event: 9.137 GC heap after
{Heap after GC invocations=31 (full 2):
 PSYoungGen      total 23552K, used 1856K [0x00000000eab00000, 0x00000000ec700000, 0x0000000100000000)
  eden space 21504K, 0% used [0x00000000eab00000,0x00000000eab00000,0x00000000ec000000)
  from space 2048K, 90% used [0x00000000ec200000,0x00000000ec3d0010,0x00000000ec400000)
  to   space 2560K, 0% used [0x00000000ec480000,0x00000000ec480000,0x00000000ec700000)
 ParOldGen       total 68608K, used 52290K [0x00000000c0000000, 0x00000000c4300000, 0x00000000eab00000)
  object space 68608K, 76% used [0x00000000c0000000,0x00000000c33109c8,0x00000000c4300000)
 Metaspace       used 56842K, committed 57792K, reserved 1114112K
  class space    used 6366K, committed 6720K, reserved 1048576K
}
Event: 9.246 GC heap before
{Heap before GC invocations=32 (full 2):
 PSYoungGen      total 23552K, used 23360K [0x00000000eab00000, 0x00000000ec700000, 0x0000000100000000)
  eden space 21504K, 100% used [0x00000000eab00000,0x00000000ec000000,0x00000000ec000000)
  from space 2048K, 90% used [0x00000000ec200000,0x00000000ec3d0010,0x00000000ec400000)
  to   space 2560K, 0% used [0x00000000ec480000,0x00000000ec480000,0x00000000ec700000)
 ParOldGen       total 68608K, used 52290K [0x00000000c0000000, 0x00000000c4300000, 0x00000000eab00000)
  object space 68608K, 76% used [0x00000000c0000000,0x00000000c33109c8,0x00000000c4300000)
 Metaspace       used 57706K, committed 58688K, reserved 1114112K
  class space    used 6515K, committed 6912K, reserved 1048576K
}
Event: 9.248 GC heap after
{Heap after GC invocations=32 (full 2):
 PSYoungGen      total 23552K, used 1698K [0x00000000eab00000, 0x00000000ec680000, 0x0000000100000000)
  eden space 21504K, 0% used [0x00000000eab00000,0x00000000eab00000,0x00000000ec000000)
  from space 2048K, 82% used [0x00000000ec480000,0x00000000ec628870,0x00000000ec680000)
  to   space 2048K, 0% used [0x00000000ec200000,0x00000000ec200000,0x00000000ec400000)
 ParOldGen       total 68608K, used 54026K [0x00000000c0000000, 0x00000000c4300000, 0x00000000eab00000)
  object space 68608K, 78% used [0x00000000c0000000,0x00000000c34c29d8,0x00000000c4300000)
 Metaspace       used 57706K, committed 58688K, reserved 1114112K
  class space    used 6515K, committed 6912K, reserved 1048576K
}
Event: 9.343 GC heap before
{Heap before GC invocations=33 (full 2):
 PSYoungGen      total 23552K, used 23202K [0x00000000eab00000, 0x00000000ec680000, 0x0000000100000000)
  eden space 21504K, 100% used [0x00000000eab00000,0x00000000ec000000,0x00000000ec000000)
  from space 2048K, 82% used [0x00000000ec480000,0x00000000ec628870,0x00000000ec680000)
  to   space 2048K, 0% used [0x00000000ec200000,0x00000000ec200000,0x00000000ec400000)
 ParOldGen       total 68608K, used 54026K [0x00000000c0000000, 0x00000000c4300000, 0x00000000eab00000)
  object space 68608K, 78% used [0x00000000c0000000,0x00000000c34c29d8,0x00000000c4300000)
 Metaspace       used 58779K, committed 59776K, reserved 1114112K
  class space    used 6668K, committed 7040K, reserved 1048576K
}
Event: 9.347 GC heap after
{Heap after GC invocations=33 (full 2):
 PSYoungGen      total 23552K, used 1664K [0x00000000eab00000, 0x00000000ec500000, 0x0000000100000000)
  eden space 21504K, 0% used [0x00000000eab00000,0x00000000eab00000,0x00000000ec000000)
  from space 2048K, 81% used [0x00000000ec200000,0x00000000ec3a0000,0x00000000ec400000)
  to   space 1024K, 0% used [0x00000000ec400000,0x00000000ec400000,0x00000000ec500000)
 ParOldGen       total 68608K, used 56106K [0x00000000c0000000, 0x00000000c4300000, 0x00000000eab00000)
  object space 68608K, 81% used [0x00000000c0000000,0x00000000c36caa50,0x00000000c4300000)
 Metaspace       used 58779K, committed 59776K, reserved 1114112K
  class space    used 6668K, committed 7040K, reserved 1048576K
}
Event: 9.347 GC heap before
{Heap before GC invocations=34 (full 2):
 PSYoungGen      total 23552K, used 1838K [0x00000000eab00000, 0x00000000ec500000, 0x0000000100000000)
  eden space 21504K, 0% used [0x00000000eab00000,0x00000000eab2b940,0x00000000ec000000)
  from space 2048K, 81% used [0x00000000ec200000,0x00000000ec3a0000,0x00000000ec400000)
  to   space 1024K, 0% used [0x00000000ec400000,0x00000000ec400000,0x00000000ec500000)
 ParOldGen       total 68608K, used 56106K [0x00000000c0000000, 0x00000000c4300000, 0x00000000eab00000)
  object space 68608K, 81% used [0x00000000c0000000,0x00000000c36caa50,0x00000000c4300000)
 Metaspace       used 58787K, committed 59776K, reserved 1114112K
  class space    used 6670K, committed 7040K, reserved 1048576K
}
Event: 9.349 GC heap after
{Heap after GC invocations=34 (full 2):
 PSYoungGen      total 22016K, used 160K [0x00000000eab00000, 0x00000000ec480000, 0x0000000100000000)
  eden space 21504K, 0% used [0x00000000eab00000,0x00000000eab00000,0x00000000ec000000)
  from space 512K, 31% used [0x00000000ec400000,0x00000000ec428000,0x00000000ec480000)
  to   space 1024K, 0% used [0x00000000ec280000,0x00000000ec280000,0x00000000ec380000)
 ParOldGen       total 68608K, used 57606K [0x00000000c0000000, 0x00000000c4300000, 0x00000000eab00000)
  object space 68608K, 83% used [0x00000000c0000000,0x00000000c38418f0,0x00000000c4300000)
 Metaspace       used 58787K, committed 59776K, reserved 1114112K
  class space    used 6670K, committed 7040K, reserved 1048576K
}
Event: 9.349 GC heap before
{Heap before GC invocations=35 (full 3):
 PSYoungGen      total 22016K, used 160K [0x00000000eab00000, 0x00000000ec480000, 0x0000000100000000)
  eden space 21504K, 0% used [0x00000000eab00000,0x00000000eab00000,0x00000000ec000000)
  from space 512K, 31% used [0x00000000ec400000,0x00000000ec428000,0x00000000ec480000)
  to   space 1024K, 0% used [0x00000000ec280000,0x00000000ec280000,0x00000000ec380000)
 ParOldGen       total 68608K, used 57606K [0x00000000c0000000, 0x00000000c4300000, 0x00000000eab00000)
  object space 68608K, 83% used [0x00000000c0000000,0x00000000c38418f0,0x00000000c4300000)
 Metaspace       used 58787K, committed 59776K, reserved 1114112K
  class space    used 6670K, committed 7040K, reserved 1048576K
}
Event: 9.408 GC heap after
{Heap after GC invocations=35 (full 3):
 PSYoungGen      total 22016K, used 0K [0x00000000eab00000, 0x00000000ec480000, 0x0000000100000000)
  eden space 21504K, 0% used [0x00000000eab00000,0x00000000eab00000,0x00000000ec000000)
  from space 512K, 0% used [0x00000000ec400000,0x00000000ec400000,0x00000000ec480000)
  to   space 1024K, 0% used [0x00000000ec280000,0x00000000ec280000,0x00000000ec380000)
 ParOldGen       total 68608K, used 50565K [0x00000000c0000000, 0x00000000c4300000, 0x00000000eab00000)
  object space 68608K, 73% used [0x00000000c0000000,0x00000000c3161468,0x00000000c4300000)
 Metaspace       used 58787K, committed 59776K, reserved 1114112K
  class space    used 6670K, committed 7040K, reserved 1048576K
}
Event: 9.595 GC heap before
{Heap before GC invocations=36 (full 3):
 PSYoungGen      total 22016K, used 21504K [0x00000000eab00000, 0x00000000ec480000, 0x0000000100000000)
  eden space 21504K, 100% used [0x00000000eab00000,0x00000000ec000000,0x00000000ec000000)
  from space 512K, 0% used [0x00000000ec400000,0x00000000ec400000,0x00000000ec480000)
  to   space 1024K, 0% used [0x00000000ec280000,0x00000000ec280000,0x00000000ec380000)
 ParOldGen       total 68608K, used 50565K [0x00000000c0000000, 0x00000000c4300000, 0x00000000eab00000)
  object space 68608K, 73% used [0x00000000c0000000,0x00000000c3161468,0x00000000c4300000)
 Metaspace       used 59991K, committed 60992K, reserved 1114112K
  class space    used 6871K, committed 7296K, reserved 1048576K
}
Event: 9.597 GC heap after
{Heap after GC invocations=36 (full 3):
 PSYoungGen      total 22528K, used 1022K [0x00000000eab00000, 0x00000000ec600000, 0x0000000100000000)
  eden space 21504K, 0% used [0x00000000eab00000,0x00000000eab00000,0x00000000ec000000)
  from space 1024K, 99% used [0x00000000ec280000,0x00000000ec37faa8,0x00000000ec380000)
  to   space 2560K, 0% used [0x00000000ec380000,0x00000000ec380000,0x00000000ec600000)
 ParOldGen       total 68608K, used 52068K [0x00000000c0000000, 0x00000000c4300000, 0x00000000eab00000)
  object space 68608K, 75% used [0x00000000c0000000,0x00000000c32d9340,0x00000000c4300000)
 Metaspace       used 59991K, committed 60992K, reserved 1114112K
  class space    used 6871K, committed 7296K, reserved 1048576K
}
Event: 11.001 GC heap before
{Heap before GC invocations=37 (full 3):
 PSYoungGen      total 22528K, used 22526K [0x00000000eab00000, 0x00000000ec600000, 0x0000000100000000)
  eden space 21504K, 100% used [0x00000000eab00000,0x00000000ec000000,0x00000000ec000000)
  from space 1024K, 99% used [0x00000000ec280000,0x00000000ec37faa8,0x00000000ec380000)
  to   space 2560K, 0% used [0x00000000ec380000,0x00000000ec380000,0x00000000ec600000)
 ParOldGen       total 68608K, used 52068K [0x00000000c0000000, 0x00000000c4300000, 0x00000000eab00000)
  object space 68608K, 75% used [0x00000000c0000000,0x00000000c32d9340,0x00000000c4300000)
 Metaspace       used 61282K, committed 62400K, reserved 1114112K
  class space    used 7029K, committed 7488K, reserved 1048576K
}
Event: 11.002 GC heap after
{Heap after GC invocations=37 (full 3):
 PSYoungGen      total 23040K, used 2553K [0x00000000eab00000, 0x00000000ec900000, 0x0000000100000000)
  eden space 20480K, 0% used [0x00000000eab00000,0x00000000eab00000,0x00000000ebf00000)
  from space 2560K, 99% used [0x00000000ec380000,0x00000000ec5fe688,0x00000000ec600000)
  to   space 4608K, 0% used [0x00000000ebf00000,0x00000000ebf00000,0x00000000ec380000)
 ParOldGen       total 68608K, used 53442K [0x00000000c0000000, 0x00000000c4300000, 0x00000000eab00000)
  object space 68608K, 77% used [0x00000000c0000000,0x00000000c34309a0,0x00000000c4300000)
 Metaspace       used 61282K, committed 62400K, reserved 1114112K
  class space    used 7029K, committed 7488K, reserved 1048576K
}
Event: 11.376 GC heap before
{Heap before GC invocations=38 (full 3):
 PSYoungGen      total 23040K, used 23033K [0x00000000eab00000, 0x00000000ec900000, 0x0000000100000000)
  eden space 20480K, 100% used [0x00000000eab00000,0x00000000ebf00000,0x00000000ebf00000)
  from space 2560K, 99% used [0x00000000ec380000,0x00000000ec5fe688,0x00000000ec600000)
  to   space 4608K, 0% used [0x00000000ebf00000,0x00000000ebf00000,0x00000000ec380000)
 ParOldGen       total 68608K, used 53442K [0x00000000c0000000, 0x00000000c4300000, 0x00000000eab00000)
  object space 68608K, 77% used [0x00000000c0000000,0x00000000c34309a0,0x00000000c4300000)
 Metaspace       used 61404K, committed 62464K, reserved 1114112K
  class space    used 7047K, committed 7488K, reserved 1048576K
}
Event: 11.378 GC heap after
{Heap after GC invocations=38 (full 3):
 PSYoungGen      total 22528K, used 1940K [0x00000000eab00000, 0x00000000ec500000, 0x0000000100000000)
  eden space 20480K, 0% used [0x00000000eab00000,0x00000000eab00000,0x00000000ebf00000)
  from space 2048K, 94% used [0x00000000ebf00000,0x00000000ec0e5168,0x00000000ec100000)
  to   space 3072K, 0% used [0x00000000ec200000,0x00000000ec200000,0x00000000ec500000)
 ParOldGen       total 68608K, used 55862K [0x00000000c0000000, 0x00000000c4300000, 0x00000000eab00000)
  object space 68608K, 81% used [0x00000000c0000000,0x00000000c368da28,0x00000000c4300000)
 Metaspace       used 61404K, committed 62464K, reserved 1114112K
  class space    used 7047K, committed 7488K, reserved 1048576K
}

